{
  "RSpec": {
    "coverage": {
      "/Users/jamesdanielmalvern/tech_tests/web_scraper_ruby/spec/scraper_spec.rb": [
        1,
        null,
        1,
        null,
        1,
        1,
        1,
        null,
        null,
        1,
        1,
        1,
        null,
        null,
        1,
        1,
        1,
        null,
        null
      ],
      "/Users/jamesdanielmalvern/tech_tests/web_scraper_ruby/lib/scraper.rb": [
        1,
        1,
        1,
        null,
        1,
        1,
        null,
        1,
        3,
        null,
        null,
        1,
        1,
        1,
        1,
        null,
        null,
        1,
        1,
        null,
        null,
        null
      ]
    },
    "timestamp": 1550102584
  }
}
